<?xml version="1.0" encoding="UTF-8"?>
<!-- Generated by org.testng.reporters.JUnitReportReporter -->
<testsuite hostname="KUMARSAURAV-PC" name="com.practice.bdd.automation.runners.PracticeDry_Runner" tests="1" failures="0" timestamp="12 Apr 2020 06:20:53 GMT" time="0.609" errors="0">
  <testcase name="feature" time="0.609" classname="com.practice.bdd.automation.runners.PracticeDry_Runner"/>
</testsuite> <!-- com.practice.bdd.automation.runners.PracticeDry_Runner -->
