<?xml version="1.0" encoding="UTF-8"?>
<!-- Generated by org.testng.reporters.JUnitReportReporter -->
<testsuite hostname="KUMARSAURAV-PC" name="com.practice.bdd.automation.runners.PracticeRunner" tests="1" failures="0" timestamp="16 Apr 2020 04:53:46 GMT" time="17.677" errors="0">
  <testcase name="feature" time="17.677" classname="com.practice.bdd.automation.runners.PracticeRunner"/>
</testsuite> <!-- com.practice.bdd.automation.runners.PracticeRunner -->
